  Animator.cpp
  TreasureHunt.cpp
  Device.cpp
C:\_Projects\TreasureHunt\TreasureHunt\Player.h(29,32): warning C4244:  'return': conversion from 'float' to 'int', possible loss of data
  Drawable.cpp
  Map.cpp
  Player.cpp
C:\_Projects\TreasureHunt\TreasureHunt\Player.h(30,32): warning C4244:  'return': conversion from 'float' to 'int', possible loss of data
C:\_Projects\TreasureHunt\TreasureHunt\Player.h(29,32): warning C4244:  'return': conversion from 'float' to 'int', possible loss of data
C:\_Projects\TreasureHunt\TreasureHunt\Player.h(30,32): warning C4244:  'return': conversion from 'float' to 'int', possible loss of data
C:\_Projects\TreasureHunt\TreasureHunt\Player.cpp(38,42): warning C4244:  '=': conversion from 'T' to 'float', possible loss of data
C:\_Projects\TreasureHunt\TreasureHunt\Player.cpp(38,42): warning C4244:         with
C:\_Projects\TreasureHunt\TreasureHunt\Player.cpp(38,42): warning C4244:         [
C:\_Projects\TreasureHunt\TreasureHunt\Player.cpp(38,42): warning C4244:             T=unsigned int
C:\_Projects\TreasureHunt\TreasureHunt\Player.cpp(38,42): warning C4244:         ]
C:\_Projects\TreasureHunt\TreasureHunt\Player.cpp(44,42): warning C4244:  '=': conversion from 'T' to 'float', possible loss of data
C:\_Projects\TreasureHunt\TreasureHunt\Player.cpp(44,42): warning C4244:         with
C:\_Projects\TreasureHunt\TreasureHunt\Player.cpp(44,42): warning C4244:         [
C:\_Projects\TreasureHunt\TreasureHunt\Player.cpp(44,42): warning C4244:             T=unsigned int
C:\_Projects\TreasureHunt\TreasureHunt\Player.cpp(44,42): warning C4244:         ]
C:\_Projects\TreasureHunt\TreasureHunt\Player.cpp(63,41): warning C4244:  'argument': conversion from 'float' to 'int', possible loss of data
  SpriteSheet.cpp
C:\_Projects\TreasureHunt\TreasureHunt\Player.cpp(63,37): warning C4244:  'argument': conversion from 'float' to 'int', possible loss of data
C:\_Projects\TreasureHunt\TreasureHunt\SpriteSheet.cpp(51,26): warning C4244:  'argument': conversion from 'int' to 'float', possible loss of data
C:\_Projects\TreasureHunt\TreasureHunt\SpriteSheet.cpp(51,23): warning C4244:  'argument': conversion from 'int' to 'float', possible loss of data
C:\_Projects\TreasureHunt\TreasureHunt\SpriteSheet.cpp(72,24): warning C4244:  'argument': conversion from 'int' to 'float', possible loss of data
C:\_Projects\TreasureHunt\TreasureHunt\SpriteSheet.cpp(82,29): warning C4244:  'argument': conversion from 'int' to 'float', possible loss of data
C:\_Projects\TreasureHunt\TreasureHunt\SpriteSheet.cpp(82,21): warning C4244:  'argument': conversion from 'int' to 'float', possible loss of data
C:\_Projects\TreasureHunt\TreasureHunt\SpriteSheet.cpp(85,43): warning C4244:  'argument': conversion from 'int' to 'float', possible loss of data
  Generating Code...
C:\_Projects\TreasureHunt\TreasureHunt\SpriteSheet.cpp(85,27): warning C4244:  'argument': conversion from 'int' to 'float', possible loss of data
  TreasureHunt.vcxproj -> C:\_Projects\TreasureHunt\TreasureHunt\x64\Debug\TreasureHunt.exe
